In file included from [01m[K/home/nash/ur3erg2_ws/src/ur_modern_driver/include/ur_modern_driver/ur_hardware_interface.h:70[m[K,
                 from [01m[K/home/nash/ur3erg2_ws/src/ur_modern_driver/src/ur_hardware_interface.cpp:58[m[K:
[01m[K/home/nash/ur3erg2_ws/src/ur_modern_driver/include/ur_modern_driver/ur_driver.h:37:10:[m[K [01;31m[Kfatal error: [m[Kur_control/RG2.h: No such file or directory
   37 | #include [01;31m[K"ur_control/RG2.h"[m[K
      |          [01;31m[K^~~~~~~~~~~~~~~~~~[m[K
compilation terminated.
make[2]: *** [CMakeFiles/ur_hardware_interface.dir/build.make:63: CMakeFiles/ur_hardware_interface.dir/src/ur_hardware_interface.cpp.o] Error 1
make[1]: *** [CMakeFiles/Makefile2:207: CMakeFiles/ur_hardware_interface.dir/all] Error 2
make: *** [Makefile:141: all] Error 2
